-----------------------------------------------------------
Server listening on 5201 (test #1)
-----------------------------------------------------------
Accepted connection from 10.0.0.1, port 45486
[  8] local 10.0.0.2 port 5201 connected to 10.0.0.1 port 45488
[ ID] Interval           Transfer     Bitrate
[  8]   0.00-1.00   sec  0.00 Bytes  0.00 bits/sec                  
[  8]   1.00-2.00   sec  0.00 Bytes  0.00 bits/sec                  
[  8]   2.00-3.00   sec   128 KBytes  1.05 Mbits/sec                  
[  8]   3.00-4.00   sec  0.00 Bytes  0.00 bits/sec                  
[  8]   4.00-5.00   sec  0.00 Bytes  0.00 bits/sec                  
[  8]   5.00-6.00   sec   128 KBytes  1.05 Mbits/sec                  
[  8]   6.00-7.00   sec  0.00 Bytes  0.00 bits/sec                  
[  8]   7.00-8.00   sec  0.00 Bytes  0.00 bits/sec                  
[  8]   8.00-9.00   sec  0.00 Bytes  0.00 bits/sec                  
[  8]   9.00-10.00  sec   128 KBytes  1.05 Mbits/sec                  
[  8]  10.00-11.00  sec   128 KBytes  1.05 Mbits/sec                  
[  8]  11.00-12.00  sec  0.00 Bytes  0.00 bits/sec                  
[  8]  12.00-13.00  sec   128 KBytes  1.05 Mbits/sec                  
[  8]  13.00-14.00  sec  0.00 Bytes  0.00 bits/sec                  
[  8]  14.00-15.00  sec   128 KBytes  1.05 Mbits/sec                  
[  8]  15.00-16.00  sec  0.00 Bytes  0.00 bits/sec                  
[  8]  16.00-17.00  sec  0.00 Bytes  0.00 bits/sec                  
[  8]  17.00-18.00  sec  0.00 Bytes  0.00 bits/sec                  
[  8]  18.00-19.00  sec   128 KBytes  1.05 Mbits/sec                  
[  8]  19.00-20.00  sec   128 KBytes  1.05 Mbits/sec                  
[  8]  20.00-21.00  sec  0.00 Bytes  0.00 bits/sec                  
[  8]  21.00-22.00  sec   128 KBytes  1.05 Mbits/sec                  
[  8]  22.00-23.00  sec  0.00 Bytes  0.00 bits/sec                  
[  8]  23.00-24.00  sec  0.00 Bytes  0.00 bits/sec                  
[  8]  24.00-25.00  sec   128 KBytes  1.05 Mbits/sec                  
[  8]  25.00-26.00  sec  0.00 Bytes  0.00 bits/sec                  
[  8]  26.00-27.00  sec  0.00 Bytes  0.00 bits/sec                  
[  8]  27.00-28.00  sec   128 KBytes  1.05 Mbits/sec                  
[  8]  28.00-29.00  sec  0.00 Bytes  0.00 bits/sec                  
[  8]  29.00-30.00  sec   128 KBytes  1.05 Mbits/sec                  
[  8]  30.00-31.00  sec  0.00 Bytes  0.00 bits/sec                  
[  8]  31.00-32.00  sec   128 KBytes  1.05 Mbits/sec                  
[  8]  32.00-33.00  sec  0.00 Bytes  0.00 bits/sec                  
[  8]  33.00-34.00  sec   128 KBytes  1.05 Mbits/sec                  
[  8]  34.00-35.00  sec  0.00 Bytes  0.00 bits/sec                  
[  8]  35.00-36.00  sec   128 KBytes  1.05 Mbits/sec                  
[  8]  36.00-37.00  sec  0.00 Bytes  0.00 bits/sec                  
[  8]  37.00-38.00  sec  0.00 Bytes  0.00 bits/sec                  
[  8]  38.00-39.00  sec   128 KBytes  1.05 Mbits/sec                  
[  8]  39.00-40.00  sec   128 KBytes  1.05 Mbits/sec                  
[  8]  40.00-41.00  sec  0.00 Bytes  0.00 bits/sec                  
[  8]  41.00-42.00  sec  0.00 Bytes  0.00 bits/sec                  
[  8]  42.00-43.00  sec  0.00 Bytes  0.00 bits/sec                  
[  8]  43.00-44.00  sec   128 KBytes  1.05 Mbits/sec                  
[  8]  44.00-45.00  sec  0.00 Bytes  0.00 bits/sec                  
[  8]  45.00-46.00  sec  0.00 Bytes  0.00 bits/sec                  
[  8]  46.00-47.00  sec   128 KBytes  1.05 Mbits/sec                  
[  8]  47.00-48.00  sec  0.00 Bytes  0.00 bits/sec                  
[  8]  48.00-49.00  sec   128 KBytes  1.05 Mbits/sec                  
[  8]  49.00-50.00  sec  0.00 Bytes  0.00 bits/sec                  
[  8]  50.00-51.00  sec  0.00 Bytes  0.00 bits/sec                  
[  8]  51.00-52.00  sec  0.00 Bytes  0.00 bits/sec                  
[  8]  52.00-53.00  sec  0.00 Bytes  0.00 bits/sec                  
[  8]  53.00-54.00  sec   128 KBytes  1.05 Mbits/sec                  
[  8]  54.00-55.00  sec  0.00 Bytes  0.00 bits/sec                  
[  8]  55.00-56.00  sec   128 KBytes  1.05 Mbits/sec                  
[  8]  56.00-57.00  sec  0.00 Bytes  0.00 bits/sec                  
[  8]  57.00-58.00  sec  0.00 Bytes  0.00 bits/sec                  
[  8]  58.00-59.00  sec   128 KBytes  1.05 Mbits/sec                  
[  8]  59.00-60.00  sec  0.00 Bytes  0.00 bits/sec                  
- - - - - - - - - - - - - - - - - - - - - - - - -
[ ID] Interval           Transfer     Bitrate
[  8]   0.00-60.08  sec  2.88 MBytes   401 Kbits/sec                  receiver
